====================================================================================================
Date/Time        : 2026-07-21 13:50:02

Application      : Store_Online

Machine Name     : JOINCODER-SV
Windows User     : REAN-Demo

Working Folder   : D:\_Dev_DeskApp\Store_Online\Store_Online\bin\Debug\net8.0-windows\

Title            : Configuration GarageOnline

Database configuration loaded successfully from sys.xml.

====================================================================================================
Date/Time        : 2026-07-21 13:51:02

Application      : Store_Online

Machine Name     : JOINCODER-SV
Windows User     : REAN-Demo

Working Folder   : D:\_Dev_DeskApp\Store_Online\Store_Online\bin\Debug\net8.0-windows\

Title            : Configuration GarageOnline

Database configuration loaded successfully from sys.xml.

====================================================================================================
Date/Time        : 2026-07-21 13:54:28

Application      : Store_Online

Machine Name     : JOINCODER-SV
Windows User     : REAN-Demo

Working Folder   : D:\_Dev_DeskApp\Store_Online\Store_Online\bin\Debug\net8.0-windows\

Title            : Configuration GarageOnline

Database configuration loaded successfully from sys.xml.

====================================================================================================
Date/Time        : 2026-07-21 22:39:42

Application      : Store_Online

Machine Name     : JOINCODER-SV
Windows User     : REAN-Demo

Working Folder   : D:\_Dev_DeskApp\Store_Online\Store_Online\bin\Debug\net8.0-windows\

Title            : Configuration GarageOnline

Database configuration loaded successfully from sys.xml.

====================================================================================================
Date/Time        : 2026-07-21 22:40:40

Application      : Store_Online

Machine Name     : JOINCODER-SV
Windows User     : REAN-Demo

Working Folder   : D:\_Dev_DeskApp\Store_Online\Store_Online\bin\Debug\net8.0-windows\

Title            : SqlExecutor.Query

SQL
--------------------------------------------------------------------------------

SELECT
    CustomerId,
    Code,
    Name,
    Phone
FROM Customer
ORDER BY CustomerId DESC

Type            : Microsoft.Data.SqlClient.SqlException
Message         : Cannot open database "GarageOnline" requested by the login. The login failed.
Login failed for user 'sa'.
Source          : Core Microsoft SqlClient Data Provider
TargetSite      : Void OnError(Microsoft.Data.SqlClient.SqlException, Boolean, System.Action`1[System.Action])

StackTrace
   at Microsoft.Data.SqlClient.Connection.SqlConnectionInternal.OnError(SqlException exception, Boolean breakConnection, Action`1 wrapCloseInAction)
   at Microsoft.Data.SqlClient.TdsParser.ThrowExceptionAndWarning(TdsParserStateObject stateObj, SqlCommand command, Boolean callerHasConnectionLock, Boolean asyncClose)
   at Microsoft.Data.SqlClient.TdsParser.TryRun(RunBehavior runBehavior, SqlCommand cmdHandler, SqlDataReader dataStream, BulkCopySimpleResultSet bulkCopyHandler, TdsParserStateObject stateObj, Boolean& dataReady)
   at Microsoft.Data.SqlClient.TdsParser.Run(RunBehavior runBehavior, SqlCommand cmdHandler, SqlDataReader dataStream, BulkCopySimpleResultSet bulkCopyHandler, TdsParserStateObject stateObj)
   at Microsoft.Data.SqlClient.Connection.SqlConnectionInternal.CompleteLogin(Boolean enlistOK)
   at Microsoft.Data.SqlClient.Connection.SqlConnectionInternal.AttemptOneLogin(ServerInfo serverInfo, String newPassword, SecureString newSecurePassword, TimeoutTimer timeout, Boolean withFailover)
   at Microsoft.Data.SqlClient.Connection.SqlConnectionInternal.LoginNoFailover(ServerInfo serverInfo, String newPassword, SecureString newSecurePassword, Boolean redirectedUserInstance, SqlConnectionString connectionOptions, SqlCredential credential, TimeoutTimer timeout)
   at Microsoft.Data.SqlClient.Connection.SqlConnectionInternal.OpenLoginEnlist(TimeoutTimer timeout, SqlConnectionString connectionOptions, SqlCredential credential, String newPassword, SecureString newSecurePassword, Boolean redirectedUserInstance)
   at Microsoft.Data.SqlClient.Connection.SqlConnectionInternal..ctor(DbConnectionPoolIdentity identity, SqlConnectionString connectionOptions, SqlCredential credential, DbConnectionPoolGroupProviderInfo providerInfo, String newPassword, SecureString newSecurePassword, Boolean redirectedUserInstance, SqlConnectionString userConnectionOptions, SessionData reconnectSessionData, Boolean applyTransientFaultHandling, String accessToken, IDbConnectionPool pool, Func`3 accessTokenCallback, SspiContextProvider sspiContextProvider)
   at Microsoft.Data.SqlClient.SqlConnectionFactory.CreateConnection(DbConnectionOptions options, DbConnectionPoolKey poolKey, DbConnectionPoolGroupProviderInfo poolGroupProviderInfo, IDbConnectionPool pool, DbConnection owningConnection, DbConnectionOptions userOptions)
   at Microsoft.Data.SqlClient.SqlConnectionFactory.CreatePooledConnection(DbConnection owningConnection, IDbConnectionPool pool, DbConnectionPoolKey poolKey, DbConnectionOptions options, DbConnectionOptions userOptions)
   at Microsoft.Data.SqlClient.ConnectionPool.WaitHandleDbConnectionPool.CreateObject(DbConnection owningObject, DbConnectionOptions userOptions, DbConnectionInternal oldConnection)
   at Microsoft.Data.SqlClient.ConnectionPool.WaitHandleDbConnectionPool.UserCreateRequest(DbConnection owningObject, DbConnectionOptions userOptions, DbConnectionInternal oldConnection)
   at Microsoft.Data.SqlClient.ConnectionPool.WaitHandleDbConnectionPool.TryGetConnection(DbConnection owningObject, UInt32 waitForMultipleObjectsTimeout, Boolean allowCreate, Boolean onlyOneCheckConnection, DbConnectionOptions userOptions, DbConnectionInternal& connection)
   at Microsoft.Data.SqlClient.ConnectionPool.WaitHandleDbConnectionPool.TryGetConnection(DbConnection owningObject, TaskCompletionSource`1 taskCompletionSource, DbConnectionOptions userOptions, DbConnectionInternal& connection)
   at Microsoft.Data.SqlClient.SqlConnectionFactory.TryGetConnection(DbConnection owningConnection, TaskCompletionSource`1 retry, DbConnectionOptions userOptions, DbConnectionInternal oldConnection, DbConnectionInternal& connection)
   at Microsoft.Data.ProviderBase.DbConnectionInternal.TryOpenConnectionInternal(DbConnection outerConnection, SqlConnectionFactory connectionFactory, TaskCompletionSource`1 retry, DbConnectionOptions userOptions)
   at Microsoft.Data.ProviderBase.DbConnectionClosed.TryOpenConnection(DbConnection outerConnection, SqlConnectionFactory connectionFactory, TaskCompletionSource`1 retry, DbConnectionOptions userOptions)
   at Microsoft.Data.SqlClient.SqlConnection.TryOpenInner(TaskCompletionSource`1 retry)
   at Microsoft.Data.SqlClient.SqlConnection.TryOpen(TaskCompletionSource`1 retry, SqlConnectionOverrides overrides)
   at Microsoft.Data.SqlClient.SqlConnection.Open(SqlConnectionOverrides overrides)
   at Microsoft.Data.SqlClient.SqlConnection.Open()
   at Store_Online.Core.Database.DbConnectionFactory.CreateOpenConnection() in D:\_Dev_DeskApp\Store_Online\Store_Online\Core\Database\DbConnectionFactory.cs:line 28
   at Store_Online.Core.Database.SqlExecutor.Query(String sql, CommandType commandType, SqlParameter[] parameters) in D:\_Dev_DeskApp\Store_Online\Store_Online\Core\Database\SqlExecutor.cs:line 55


====================================================================================================
Date/Time        : 2026-07-21 22:40:40

Application      : Store_Online

Machine Name     : JOINCODER-SV
Windows User     : REAN-Demo

Working Folder   : D:\_Dev_DeskApp\Store_Online\Store_Online\bin\Debug\net8.0-windows\

Title            : Customer

Type            : Microsoft.Data.SqlClient.SqlException
Message         : Cannot open database "GarageOnline" requested by the login. The login failed.
Login failed for user 'sa'.
Source          : Core Microsoft SqlClient Data Provider
TargetSite      : Void OnError(Microsoft.Data.SqlClient.SqlException, Boolean, System.Action`1[System.Action])

StackTrace
   at Microsoft.Data.SqlClient.Connection.SqlConnectionInternal.OnError(SqlException exception, Boolean breakConnection, Action`1 wrapCloseInAction)
   at Microsoft.Data.SqlClient.TdsParser.ThrowExceptionAndWarning(TdsParserStateObject stateObj, SqlCommand command, Boolean callerHasConnectionLock, Boolean asyncClose)
   at Microsoft.Data.SqlClient.TdsParser.TryRun(RunBehavior runBehavior, SqlCommand cmdHandler, SqlDataReader dataStream, BulkCopySimpleResultSet bulkCopyHandler, TdsParserStateObject stateObj, Boolean& dataReady)
   at Microsoft.Data.SqlClient.TdsParser.Run(RunBehavior runBehavior, SqlCommand cmdHandler, SqlDataReader dataStream, BulkCopySimpleResultSet bulkCopyHandler, TdsParserStateObject stateObj)
   at Microsoft.Data.SqlClient.Connection.SqlConnectionInternal.CompleteLogin(Boolean enlistOK)
   at Microsoft.Data.SqlClient.Connection.SqlConnectionInternal.AttemptOneLogin(ServerInfo serverInfo, String newPassword, SecureString newSecurePassword, TimeoutTimer timeout, Boolean withFailover)
   at Microsoft.Data.SqlClient.Connection.SqlConnectionInternal.LoginNoFailover(ServerInfo serverInfo, String newPassword, SecureString newSecurePassword, Boolean redirectedUserInstance, SqlConnectionString connectionOptions, SqlCredential credential, TimeoutTimer timeout)
   at Microsoft.Data.SqlClient.Connection.SqlConnectionInternal.OpenLoginEnlist(TimeoutTimer timeout, SqlConnectionString connectionOptions, SqlCredential credential, String newPassword, SecureString newSecurePassword, Boolean redirectedUserInstance)
   at Microsoft.Data.SqlClient.Connection.SqlConnectionInternal..ctor(DbConnectionPoolIdentity identity, SqlConnectionString connectionOptions, SqlCredential credential, DbConnectionPoolGroupProviderInfo providerInfo, String newPassword, SecureString newSecurePassword, Boolean redirectedUserInstance, SqlConnectionString userConnectionOptions, SessionData reconnectSessionData, Boolean applyTransientFaultHandling, String accessToken, IDbConnectionPool pool, Func`3 accessTokenCallback, SspiContextProvider sspiContextProvider)
   at Microsoft.Data.SqlClient.SqlConnectionFactory.CreateConnection(DbConnectionOptions options, DbConnectionPoolKey poolKey, DbConnectionPoolGroupProviderInfo poolGroupProviderInfo, IDbConnectionPool pool, DbConnection owningConnection, DbConnectionOptions userOptions)
   at Microsoft.Data.SqlClient.SqlConnectionFactory.CreatePooledConnection(DbConnection owningConnection, IDbConnectionPool pool, DbConnectionPoolKey poolKey, DbConnectionOptions options, DbConnectionOptions userOptions)
   at Microsoft.Data.SqlClient.ConnectionPool.WaitHandleDbConnectionPool.CreateObject(DbConnection owningObject, DbConnectionOptions userOptions, DbConnectionInternal oldConnection)
   at Microsoft.Data.SqlClient.ConnectionPool.WaitHandleDbConnectionPool.UserCreateRequest(DbConnection owningObject, DbConnectionOptions userOptions, DbConnectionInternal oldConnection)
   at Microsoft.Data.SqlClient.ConnectionPool.WaitHandleDbConnectionPool.TryGetConnection(DbConnection owningObject, UInt32 waitForMultipleObjectsTimeout, Boolean allowCreate, Boolean onlyOneCheckConnection, DbConnectionOptions userOptions, DbConnectionInternal& connection)
   at Microsoft.Data.SqlClient.ConnectionPool.WaitHandleDbConnectionPool.TryGetConnection(DbConnection owningObject, TaskCompletionSource`1 taskCompletionSource, DbConnectionOptions userOptions, DbConnectionInternal& connection)
   at Microsoft.Data.SqlClient.SqlConnectionFactory.TryGetConnection(DbConnection owningConnection, TaskCompletionSource`1 retry, DbConnectionOptions userOptions, DbConnectionInternal oldConnection, DbConnectionInternal& connection)
   at Microsoft.Data.ProviderBase.DbConnectionInternal.TryOpenConnectionInternal(DbConnection outerConnection, SqlConnectionFactory connectionFactory, TaskCompletionSource`1 retry, DbConnectionOptions userOptions)
   at Microsoft.Data.ProviderBase.DbConnectionClosed.TryOpenConnection(DbConnection outerConnection, SqlConnectionFactory connectionFactory, TaskCompletionSource`1 retry, DbConnectionOptions userOptions)
   at Microsoft.Data.SqlClient.SqlConnection.TryOpenInner(TaskCompletionSource`1 retry)
   at Microsoft.Data.SqlClient.SqlConnection.TryOpen(TaskCompletionSource`1 retry, SqlConnectionOverrides overrides)
   at Microsoft.Data.SqlClient.SqlConnection.Open(SqlConnectionOverrides overrides)
   at Microsoft.Data.SqlClient.SqlConnection.Open()
   at Store_Online.Core.Database.DbConnectionFactory.CreateOpenConnection() in D:\_Dev_DeskApp\Store_Online\Store_Online\Core\Database\DbConnectionFactory.cs:line 28
   at Store_Online.Core.Database.SqlExecutor.Query(String sql, CommandType commandType, SqlParameter[] parameters) in D:\_Dev_DeskApp\Store_Online\Store_Online\Core\Database\SqlExecutor.cs:line 55
   at Store_Online.Modules.Garage.Repositories.CustomerRepository.GetAll() in D:\_Dev_DeskApp\Store_Online\Store_Online\Modules\Garage\Repositories\CustomerRepository.cs:line 36


====================================================================================================
Date/Time        : 2026-07-21 22:40:40

Application      : Store_Online

Machine Name     : JOINCODER-SV
Windows User     : REAN-Demo

Working Folder   : D:\_Dev_DeskApp\Store_Online\Store_Online\bin\Debug\net8.0-windows\

Title            : CustomerViewModel.LoadCustomers

Type            : Microsoft.Data.SqlClient.SqlException
Message         : Cannot open database "GarageOnline" requested by the login. The login failed.
Login failed for user 'sa'.
Source          : Core Microsoft SqlClient Data Provider
TargetSite      : Void OnError(Microsoft.Data.SqlClient.SqlException, Boolean, System.Action`1[System.Action])

StackTrace
   at Microsoft.Data.SqlClient.Connection.SqlConnectionInternal.OnError(SqlException exception, Boolean breakConnection, Action`1 wrapCloseInAction)
   at Microsoft.Data.SqlClient.TdsParser.ThrowExceptionAndWarning(TdsParserStateObject stateObj, SqlCommand command, Boolean callerHasConnectionLock, Boolean asyncClose)
   at Microsoft.Data.SqlClient.TdsParser.TryRun(RunBehavior runBehavior, SqlCommand cmdHandler, SqlDataReader dataStream, BulkCopySimpleResultSet bulkCopyHandler, TdsParserStateObject stateObj, Boolean& dataReady)
   at Microsoft.Data.SqlClient.TdsParser.Run(RunBehavior runBehavior, SqlCommand cmdHandler, SqlDataReader dataStream, BulkCopySimpleResultSet bulkCopyHandler, TdsParserStateObject stateObj)
   at Microsoft.Data.SqlClient.Connection.SqlConnectionInternal.CompleteLogin(Boolean enlistOK)
   at Microsoft.Data.SqlClient.Connection.SqlConnectionInternal.AttemptOneLogin(ServerInfo serverInfo, String newPassword, SecureString newSecurePassword, TimeoutTimer timeout, Boolean withFailover)
   at Microsoft.Data.SqlClient.Connection.SqlConnectionInternal.LoginNoFailover(ServerInfo serverInfo, String newPassword, SecureString newSecurePassword, Boolean redirectedUserInstance, SqlConnectionString connectionOptions, SqlCredential credential, TimeoutTimer timeout)
   at Microsoft.Data.SqlClient.Connection.SqlConnectionInternal.OpenLoginEnlist(TimeoutTimer timeout, SqlConnectionString connectionOptions, SqlCredential credential, String newPassword, SecureString newSecurePassword, Boolean redirectedUserInstance)
   at Microsoft.Data.SqlClient.Connection.SqlConnectionInternal..ctor(DbConnectionPoolIdentity identity, SqlConnectionString connectionOptions, SqlCredential credential, DbConnectionPoolGroupProviderInfo providerInfo, String newPassword, SecureString newSecurePassword, Boolean redirectedUserInstance, SqlConnectionString userConnectionOptions, SessionData reconnectSessionData, Boolean applyTransientFaultHandling, String accessToken, IDbConnectionPool pool, Func`3 accessTokenCallback, SspiContextProvider sspiContextProvider)
   at Microsoft.Data.SqlClient.SqlConnectionFactory.CreateConnection(DbConnectionOptions options, DbConnectionPoolKey poolKey, DbConnectionPoolGroupProviderInfo poolGroupProviderInfo, IDbConnectionPool pool, DbConnection owningConnection, DbConnectionOptions userOptions)
   at Microsoft.Data.SqlClient.SqlConnectionFactory.CreatePooledConnection(DbConnection owningConnection, IDbConnectionPool pool, DbConnectionPoolKey poolKey, DbConnectionOptions options, DbConnectionOptions userOptions)
   at Microsoft.Data.SqlClient.ConnectionPool.WaitHandleDbConnectionPool.CreateObject(DbConnection owningObject, DbConnectionOptions userOptions, DbConnectionInternal oldConnection)
   at Microsoft.Data.SqlClient.ConnectionPool.WaitHandleDbConnectionPool.UserCreateRequest(DbConnection owningObject, DbConnectionOptions userOptions, DbConnectionInternal oldConnection)
   at Microsoft.Data.SqlClient.ConnectionPool.WaitHandleDbConnectionPool.TryGetConnection(DbConnection owningObject, UInt32 waitForMultipleObjectsTimeout, Boolean allowCreate, Boolean onlyOneCheckConnection, DbConnectionOptions userOptions, DbConnectionInternal& connection)
   at Microsoft.Data.SqlClient.ConnectionPool.WaitHandleDbConnectionPool.TryGetConnection(DbConnection owningObject, TaskCompletionSource`1 taskCompletionSource, DbConnectionOptions userOptions, DbConnectionInternal& connection)
   at Microsoft.Data.SqlClient.SqlConnectionFactory.TryGetConnection(DbConnection owningConnection, TaskCompletionSource`1 retry, DbConnectionOptions userOptions, DbConnectionInternal oldConnection, DbConnectionInternal& connection)
   at Microsoft.Data.ProviderBase.DbConnectionInternal.TryOpenConnectionInternal(DbConnection outerConnection, SqlConnectionFactory connectionFactory, TaskCompletionSource`1 retry, DbConnectionOptions userOptions)
   at Microsoft.Data.ProviderBase.DbConnectionClosed.TryOpenConnection(DbConnection outerConnection, SqlConnectionFactory connectionFactory, TaskCompletionSource`1 retry, DbConnectionOptions userOptions)
   at Microsoft.Data.SqlClient.SqlConnection.TryOpenInner(TaskCompletionSource`1 retry)
   at Microsoft.Data.SqlClient.SqlConnection.TryOpen(TaskCompletionSource`1 retry, SqlConnectionOverrides overrides)
   at Microsoft.Data.SqlClient.SqlConnection.Open(SqlConnectionOverrides overrides)
   at Microsoft.Data.SqlClient.SqlConnection.Open()
   at Store_Online.Core.Database.DbConnectionFactory.CreateOpenConnection() in D:\_Dev_DeskApp\Store_Online\Store_Online\Core\Database\DbConnectionFactory.cs:line 28
   at Store_Online.Core.Database.SqlExecutor.Query(String sql, CommandType commandType, SqlParameter[] parameters) in D:\_Dev_DeskApp\Store_Online\Store_Online\Core\Database\SqlExecutor.cs:line 55
   at Store_Online.Modules.Garage.Repositories.CustomerRepository.GetAll() in D:\_Dev_DeskApp\Store_Online\Store_Online\Modules\Garage\Repositories\CustomerRepository.cs:line 36
   at Store_Online.Modules.Garage.ViewModels.CustomerViewModel.LoadCustomers() in D:\_Dev_DeskApp\Store_Online\Store_Online\Modules\Garage\ViewModels\CustomerViewModel.cs:line 57


====================================================================================================
Date/Time        : 2026-07-21 23:12:51

Application      : Store_Online

Machine Name     : JOINCODER-SV
Windows User     : REAN-Demo

Working Folder   : D:\_Dev_DeskApp\Store_Online\Store_Online\bin\Debug\net8.0-windows\

Title            : Configuration GarageOnline

Database configuration loaded successfully from sys.xml.

====================================================================================================
Date/Time        : 2026-07-21 23:32:44

Application      : Store_Online

Machine Name     : JOINCODER-SV
Windows User     : REAN-Demo

Working Folder   : D:\_Dev_DeskApp\Store_Online\Store_Online\bin\Debug\net8.0-windows\

Title            : Configuration GarageOnline

Database configuration loaded successfully from sys.xml.

====================================================================================================
Date/Time        : 2026-07-21 23:36:23

Application      : Store_Online

Machine Name     : JOINCODER-SV
Windows User     : REAN-Demo

Working Folder   : D:\_Dev_DeskApp\Store_Online\Store_Online\bin\Debug\net8.0-windows\

Title            : Configuration GarageOnline

Database configuration loaded successfully from sys.xml.

====================================================================================================
Date/Time        : 2026-07-21 23:37:28

Application      : Store_Online

Machine Name     : JOINCODER-SV
Windows User     : REAN-Demo

Working Folder   : D:\_Dev_DeskApp\Store_Online\Store_Online\bin\Debug\net8.0-windows\

Title            : Configuration GarageOnline

Database configuration loaded successfully from sys.xml.

====================================================================================================
Date/Time        : 2026-07-21 23:38:56

Application      : Store_Online

Machine Name     : JOINCODER-SV
Windows User     : REAN-Demo

Working Folder   : D:\_Dev_DeskApp\Store_Online\Store_Online\bin\Debug\net8.0-windows\

Title            : Configuration GarageOnline

Database configuration loaded successfully from sys.xml.

