====================================================================================================
Date/Time        : 2026-07-20 21:49:18

Application      : Store_Online

Machine Name     : JOINCODER-SV
Windows User     : REAN-Demo

Working Folder   : D:\_Dev_DeskApp\Store_Online\Store_Online\bin\Debug\net8.0-windows\

Title            : Configuration GarageOnline

Database configuration loaded successfully from sys.xml.

====================================================================================================
Date/Time        : 2026-07-20 21:49:55

Application      : Store_Online

Machine Name     : JOINCODER-SV
Windows User     : REAN-Demo

Working Folder   : D:\_Dev_DeskApp\Store_Online\Store_Online\bin\Debug\net8.0-windows\

Title            : Configuration GarageOnline

Database configuration loaded successfully from sys.xml.

====================================================================================================
Date/Time        : 2026-07-20 22:01:54

Application      : Store_Online

Machine Name     : JOINCODER-SV
Windows User     : REAN-Demo

Working Folder   : D:\_Dev_DeskApp\Store_Online\Store_Online\bin\Debug\net8.0-windows\

Title            : Configuration GarageOnline

Database configuration loaded successfully from sys.xml.

====================================================================================================
Date/Time        : 2026-07-20 22:02:31

Application      : Store_Online

Machine Name     : JOINCODER-SV
Windows User     : REAN-Demo

Working Folder   : D:\_Dev_DeskApp\Store_Online\Store_Online\bin\Debug\net8.0-windows\

Title            : Configuration GarageOnline

Database configuration loaded successfully from sys.xml.

====================================================================================================
Date/Time        : 2026-07-20 22:02:52

Application      : Store_Online

Machine Name     : JOINCODER-SV
Windows User     : REAN-Demo

Working Folder   : D:\_Dev_DeskApp\Store_Online\Store_Online\bin\Debug\net8.0-windows\

Title            : Configuration GarageOnline

Database configuration loaded successfully from sys.xml.

====================================================================================================
Date/Time        : 2026-07-20 22:04:02

Application      : Store_Online

Machine Name     : JOINCODER-SV
Windows User     : REAN-Demo

Working Folder   : D:\_Dev_DeskApp\Store_Online\Store_Online\bin\Debug\net8.0-windows\

Title            : Configuration GarageOnline

Database configuration loaded successfully from sys.xml.

====================================================================================================
Date/Time        : 2026-07-20 22:04:42

Application      : Store_Online

Machine Name     : JOINCODER-SV
Windows User     : REAN-Demo

Working Folder   : D:\_Dev_DeskApp\Store_Online\Store_Online\bin\Debug\net8.0-windows\

Title            : Configuration GarageOnline

Database configuration loaded successfully from sys.xml.

====================================================================================================
Date/Time        : 2026-07-20 22:06:06

Application      : Store_Online

Machine Name     : JOINCODER-SV
Windows User     : REAN-Demo

Working Folder   : D:\_Dev_DeskApp\Store_Online\Store_Online\bin\Debug\net8.0-windows\

Title            : Configuration GarageOnline

Database configuration loaded successfully from sys.xml.

====================================================================================================
Date/Time        : 2026-07-20 22:17:52

Application      : Store_Online

Machine Name     : JOINCODER-SV
Windows User     : REAN-Demo

Working Folder   : D:\_Dev_DeskApp\Store_Online\Store_Online\bin\Debug\net8.0-windows\

Title            : Configuration GarageOnline

Database configuration loaded successfully from sys.xml.

====================================================================================================
Date/Time        : 2026-07-20 22:18:11

Application      : Store_Online

Machine Name     : JOINCODER-SV
Windows User     : REAN-Demo

Working Folder   : D:\_Dev_DeskApp\Store_Online\Store_Online\bin\Debug\net8.0-windows\

Title            : Configuration GarageOnline

Database configuration loaded successfully from sys.xml.

====================================================================================================
Date/Time        : 2026-07-20 22:18:39

Application      : Store_Online

Machine Name     : JOINCODER-SV
Windows User     : REAN-Demo

Working Folder   : D:\_Dev_DeskApp\Store_Online\Store_Online\bin\Debug\net8.0-windows\

Title            : Configuration GarageOnline

Database configuration loaded successfully from sys.xml.

====================================================================================================
Date/Time        : 2026-07-20 22:18:50

Application      : Store_Online

Machine Name     : JOINCODER-SV
Windows User     : REAN-Demo

Working Folder   : D:\_Dev_DeskApp\Store_Online\Store_Online\bin\Debug\net8.0-windows\

Title            : Configuration GarageOnline

Database configuration loaded successfully from sys.xml.

====================================================================================================
Date/Time        : 2026-07-20 22:32:31

Application      : Store_Online

Machine Name     : JOINCODER-SV
Windows User     : REAN-Demo

Working Folder   : D:\_Dev_DeskApp\Store_Online\Store_Online\bin\Debug\net8.0-windows\

Title            : Configuration GarageOnline

Database configuration loaded successfully from sys.xml.

====================================================================================================
Date/Time        : 2026-07-20 22:32:41

Application      : Store_Online

Machine Name     : JOINCODER-SV
Windows User     : REAN-Demo

Working Folder   : D:\_Dev_DeskApp\Store_Online\Store_Online\bin\Debug\net8.0-windows\

Title            : Configuration GarageOnline

Database configuration loaded successfully from sys.xml.

====================================================================================================
Date/Time        : 2026-07-20 22:33:02

Application      : Store_Online

Machine Name     : JOINCODER-SV
Windows User     : REAN-Demo

Working Folder   : D:\_Dev_DeskApp\Store_Online\Store_Online\bin\Debug\net8.0-windows\

Title            : Configuration GarageOnline

Database configuration loaded successfully from sys.xml.

====================================================================================================
Date/Time        : 2026-07-20 22:34:57

Application      : Store_Online

Machine Name     : JOINCODER-SV
Windows User     : REAN-Demo

Working Folder   : D:\_Dev_DeskApp\Store_Online\Store_Online\bin\Debug\net8.0-windows\

Title            : Configuration GarageOnline

Database configuration loaded successfully from sys.xml.

====================================================================================================
Date/Time        : 2026-07-20 22:36:18

Application      : Store_Online

Machine Name     : JOINCODER-SV
Windows User     : REAN-Demo

Working Folder   : D:\_Dev_DeskApp\Store_Online\Store_Online\bin\Debug\net8.0-windows\

Title            : Configuration GarageOnline

Database configuration loaded successfully from sys.xml.

====================================================================================================
Date/Time        : 2026-07-20 22:40:28

Application      : Store_Online

Machine Name     : JOINCODER-SV
Windows User     : REAN-Demo

Working Folder   : D:\_Dev_DeskApp\Store_Online\Store_Online\bin\Debug\net8.0-windows\

Title            : Configuration GarageOnline

Database configuration loaded successfully from sys.xml.

====================================================================================================
Date/Time        : 2026-07-20 22:41:13

Application      : Store_Online

Machine Name     : JOINCODER-SV
Windows User     : REAN-Demo

Working Folder   : D:\_Dev_DeskApp\Store_Online\Store_Online\bin\Debug\net8.0-windows\

Title            : Configuration GarageOnline

Database configuration loaded successfully from sys.xml.

====================================================================================================
Date/Time        : 2026-07-20 22:51:27

Application      : Store_Online

Machine Name     : JOINCODER-SV
Windows User     : REAN-Demo

Working Folder   : D:\_Dev_DeskApp\Store_Online\Store_Online\bin\Debug\net8.0-windows\

Title            : Configuration GarageOnline

Database configuration loaded successfully from sys.xml.

====================================================================================================
Date/Time        : 2026-07-20 22:57:31

Application      : Store_Online

Machine Name     : JOINCODER-SV
Windows User     : REAN-Demo

Working Folder   : D:\_Dev_DeskApp\Store_Online\Store_Online\bin\Debug\net8.0-windows\

Title            : Configuration GarageOnline

Database configuration loaded successfully from sys.xml.

====================================================================================================
Date/Time        : 2026-07-20 23:15:21

Application      : Store_Online

Machine Name     : JOINCODER-SV
Windows User     : REAN-Demo

Working Folder   : D:\_Dev_DeskApp\Store_Online\Store_Online\bin\Debug\net8.0-windows\

Title            : Configuration GarageOnline

Database configuration loaded successfully from sys.xml.

====================================================================================================
Date/Time        : 2026-07-20 23:47:21

Application      : Store_Online

Machine Name     : JOINCODER-SV
Windows User     : REAN-Demo

Working Folder   : D:\_Dev_DeskApp\Store_Online\Store_Online\bin\Debug\net8.0-windows\

Title            : Configuration GarageOnline

Database configuration loaded successfully from sys.xml.

====================================================================================================
Date/Time        : 2026-07-20 23:50:13

Application      : Store_Online

Machine Name     : JOINCODER-SV
Windows User     : REAN-Demo

Working Folder   : D:\_Dev_DeskApp\Store_Online\Store_Online\bin\Debug\net8.0-windows\

Title            : Configuration GarageOnline

Database configuration loaded successfully from sys.xml.

